     1                                 %line 1+1 ex01.asm
     2                                 
     3                                 [segment .data]
     4 00000000 0100000000000000       x1 dq 1
     5 00000008 0100000000000000       y1 dq 1
     6 00000010 0200000000000000       x2 dq 2
     7 00000018 0200000000000000       y2 dq 2
     8 00000020 0000000000000000       result dq 0
     9                                 
    10                                 [segment .text]
    11                                 [global _start]
    12                                 _start:
    13 00000000 55                      push rbp
    14 00000001 4889E5                  mov rbp, rsp
    15 00000004 4883EC10                sub rsp, 16
    16                                 
    17 00000008 488B0425[00000000]      mov rax, [x1]
    18 00000010 482B0425[00000000]      sub rax, [x2]
    19 00000018 480FAFC0                imul rax, rax
    20                                 
    21 0000001C 48890425[00000000]      mov [result], rax
    22                                 
    23 00000024 488B0425[00000000]      mov rax, [y1]
    24 0000002C 482B0425[00000000]      sub rax, [y2]
    25 00000034 480FAFC0                imul rax, rax
    26                                 
    27 00000038 48010425[00000000]      add [result], rax
    28                                 
    29 00000040 4831C0                  xor rax, rax
    30 00000043 C9                      leave
    31 00000044 C3                      ret
