     1                                 %line 1+1 ex02.asm
     2                                 
     3                                 [segment .data]
     4 00000000 0100000000000000       x1 dq 1
     5 00000008 0400000000000000       y1 dq 4
     6 00000010 0100000000000000       x2 dq 1
     7 00000018 FBFFFFFFFFFFFFFF       y2 dq -5
     8 00000020 0000000000000000       diffx dq 0
     9 00000028 0000000000000000       diffy dq 0
    10 00000030 0100000000000000       one dq 1
    11                                 
    12                                 [segment .text]
    13                                 [global _start]
    14                                 _start:
    15 00000000 55                      push rbp
    16 00000001 4889E5                  mov rbp, rsp
    17 00000004 4883EC10                sub rsp, 16
    18                                 
    19 00000008 488B1C25[00000000]      mov rbx, [y1]
    20 00000010 482B1C25[00000000]      sub rbx, [y2]
    21 00000018 48891C25[00000000]      mov [diffy], rbx
    22                                 
    23 00000020 4831C0                  xor rax, rax
    24 00000023 488B1C25[00000000]      mov rbx, [x1]
    25 0000002B 482B1C25[00000000]      sub rbx, [x2]
    26 00000033 480F440425[00000000]      cmovz rax, [one]
    27 0000003C 48891C25[00000000]      mov [diffx], rbx
    28                                 
    29 00000044 4831C0                  xor rax, rax
    30 00000047 C9                      leave
    31 00000048 C3                      ret
