     1                                 %line 1+1 ex03.asm
     2                                 
     3                                 [segment .data]
     4 00000000 1900000000000000       g1 dq 25
     5 00000008 4C00000000000000       g2 dq 76
     6 00000010 0C00000000000000       g3 dq 12
     7 00000018 5800000000000000       g4 dq 88
     8 00000020 0000000000000000       q dq 0
     9 00000028 0000000000000000       r dq 0
    10                                 
    11                                 [segment .text]
    12                                 [global _start]
    13                                 _start:
    14 00000000 55                      push rbp
    15 00000001 4889E5                  mov rbp, rsp
    16 00000004 4883EC10                sub rsp, 16
    17                                 
    18 00000008 488B0425[00000000]      mov rax, [g1]
    19 00000010 48030425[00000000]      add rax, [g2]
    20 00000018 48030425[00000000]      add rax, [g3]
    21 00000020 48030425[00000000]      add rax, [g4]
    22 00000028 4831D2                  xor rdx, rdx
    23                                 
    24                                 
    25 0000002B 48C7C304000000          mov rbx, 4
    26                                 
    27                                 
    28 00000032 48F7FB                  idiv rbx
    29 00000035 48890425[00000000]      mov [q], rax
    30 0000003D 48891425[00000000]      mov [r], rdx
    31                                 
    32 00000045 4831C0                  xor rax, rax
    33 00000048 C9                      leave
    34 00000049 C3                      ret
