     1                                 %line 1+1 ex03.asm
     2                                 [segment .data]
     3 00000000 CD34                   a dw 0x34CD
     4 00000002 AB12                   b dw 0x12AB
     5 00000004 EF56                   c dw 0x56EF
     6 00000006 0000000000000000       r1 dq 0
     7 0000000E 0000000000000000       r2 dq 0
     8 00000016 0000000000000000       r3 dq 0
     9 0000001E 0000000000000000       r4 dq 0
    10                                 
    11                                 [segment .text]
    12                                 [global _start]
    13                                 _start:
    14 00000000 480FB70425[00000000]      movzx rax, word [a]
    15 00000009 4889C3                  mov rbx, rax
    16 0000000C 4889C1                  mov rcx, rax
    17 0000000F 4889C2                  mov rdx, rax
    18                                 
    19 00000012 66030425[00000000]      add ax, [b]
    20 0000001A 662B1C25[00000000]      sub bx, [b]
    21 00000022 66030C25[00000000]      add cx, [c]
    22 0000002A 662B1425[00000000]      sub dx, [c]
    23                                 
    24 00000032 48890425[00000000]      mov [r1], rax
    25 0000003A 48891C25[00000000]      mov [r2], rbx
    26 00000042 48890C25[00000000]      mov [r3], rcx
    27 0000004A 48891425[00000000]      mov [r4], rdx
    28                                 
    29 00000052 4831C0                  xor rax, rax
    30 00000055 C3                      ret
