     1                                 %line 1+1 ex04_rep.asm
     2                                 [section .bss]
     3 00000000 <gap>                   temp resb 50
     4                                 
     5                                 [section .data]
     6 00000000 71                      strng db "q"
     7 00000001 0100000000000000        sz dq 1
     8 00000009 00                      pal db 0
     9                                 
    10                                 [section .text]
    11                                 [global _start]
    12                                 _start:
    13 00000000 488B0C25[00000000]      mov rcx, [sz]
    14 00000008 488D91[FFFFFFFF]        lea rdx, [strng + rcx - 1]
    15 0000000F 488D1C25[00000000]      lea rbx, [temp]
    16                                 
    17                                 
    18                                 
    19                                 
    20 00000017 8A02                   more: mov al, byte [rdx]
    21 00000019 8803                    mov byte [rbx], al
    22 0000001B 48FFCA                  dec rdx
    23 0000001E 48FFC3                  inc rbx
    24 00000021 48FFC9                  dec rcx
    25 00000024 75EF                    jnz more
    26                                 
    27                                 
    28                                 
    29 00000026 488B0C25[00000000]      mov rcx, [sz]
    30 0000002E 488D3425[00000000]      lea rsi, [temp]
    31 00000036 488D3C25[00000000]      lea rdi, [strng]
    32 0000003E F3A6                    repe cmpsb
    33 00000040 4883F900                cmp rcx, 0
    34 00000044 7505                    jnz end
    35                                 
    36 00000046 FE0425[00000000]        inc byte [pal]
    37                                 end:
    38 0000004D 4831FF                  xor rdi,rdi
    39 00000050 6A3C                    push 0x3c
    40 00000052 58                      pop rax
    41 00000053 0F05                    syscall
