     1                                 %line 1+1 ex06.asm
     2                                 [section .data]
     3 00000000 0F00000000000000        c dq 15
     4 00000008 0000000000000000        c2 dq 0
     5 00000010 0100000000000000        a dq 1
     6 00000018 0100000000000000        b dq 1
     7                                 
     8                                 [section .text]
     9                                 [global _start]
    10                                 _start:
    11                                 
    12 00000000 4C8B0425[00000000]      mov r8, [c]
    13 00000008 4C0FAF0425[00000000]      imul r8, [c]
    14 00000011 4C890425[00000000]      mov [c2], r8
    15                                 
    16                                 
    17 00000019 488B0425[00000000]      mov rax, [a]
    18 00000021 483B0425[00000000]     stra: cmp rax, [c]
    19 00000029 7D38                    jge enda
    20 0000002B 4989C0                  mov r8, rax
    21 0000002E 4C0FAFC0                imul r8, rax
    22                                 
    23                                 
    24 00000032 488B1C25[00000000]      mov rbx, [b]
    25 0000003A 483B1C25[00000000]     strb: cmp rbx, [c]
    26 00000042 7D1A                    jge endb
    27                                 
    28 00000044 4D89C2                  mov r10, r8
    29 00000047 4989D9                  mov r9, rbx
    30 0000004A 4C0FAFCB                imul r9, rbx
    31 0000004E 4D01CA                  add r10, r9
    32                                 
    33 00000051 4C3B1425[00000000]      cmp r10, [c2]
    34 00000059 740A                    je found
    35 0000005B 48FFC3                  inc rbx
    36 0000005E EBD8                    jmp strb
    37                                 endb:
    38 00000060 48FFC0                  inc rax
    39 00000063 EBBA                    jmp stra
    40                                 enda:
    41 00000065 EB0E                    jmp end
    42                                 
    43 00000067 48890425[00000000]     found: mov [a], rax
    44 0000006F 48891C25[00000000]      mov [b], rbx
    45                                 end:
    46 00000077 4831FF                  xor rdi,rdi
    47 0000007A 6A3C                    push 0x3c
    48 0000007C 58                      pop rax
    49                                  syscal
