     1                                 %line 1+1 ex03.asm
     2                                 [segment .data]
     3                                 
     4 00000000 0000000000000000       A dq 0
     5 00000008 0000000000000000       B dq 0
     6 00000010 0000000000000000       C dq 0
     7                                 
     8                                 [segment .text]
     9                                 [global _start]
    10                                 _start:
    11 00000000 55                      push rbp
    12 00000001 4889E5                  mov rbp, rsp
    13                                 
    14 00000004 480FBA2C25[00000000]-     bts qword [A], 0
    15 00000004 00                 
    16 0000000E 480FBA2C25[00000000]-     bts qword [A], 1
    17 0000000E 01                 
    18 00000018 480FBA2C25[00000000]-     bts qword [A], 7
    19 00000018 07                 
    20 00000022 480FBA2C25[00000000]-     bts qword [A], 13
    21 00000022 0D                 
    22                                 
    23 0000002C 480FBA2C25[00000000]-     bts qword [B], 1
    24 0000002C 01                 
    25 00000036 480FBA2C25[00000000]-     bts qword [B], 3
    26 00000036 03                 
    27 00000040 480FBA2C25[00000000]-     bts qword [B], 12
    28 00000040 0C                 
    29                                 
    30 0000004A 31C0                    xor eax, eax
    31 0000004C 488B0425[00000000]      mov rax, [A]
    32 00000054 480B0425[00000000]      or rax, [B]
    33 0000005C 48890425[00000000]      mov [C], rax
    34                                 
    35 00000064 31C0                    xor eax, eax
    36 00000066 488B0425[00000000]      mov rax, [A]
    37 0000006E 48230425[00000000]      and rax, [B]
    38 00000076 48890425[00000000]      mov [C], rax
    39                                 
    40 0000007E 31C0                    xor eax, eax
    41 00000080 488B0425[00000000]      mov rax, [A]
    42 00000088 48330425[00000000]      xor rax, [B]
    43 00000090 48890425[00000000]      mov [C], rax
    44                                 
    45 00000098 480FBA3425[00000000]-     btr qword [C], 7
    46 00000098 07                 
    47                                 
    48 000000A2 4831C0                  xor rax, rax
    49 000000A5 C9                      leave
    50 000000A6 C3                      ret
