     1                                 %line 1+1 ex01.asm
     2                                 [section .bss]
     3 00000000 <gap>                  name resq 65
     4 00000208 <gap>                  kwh resq 1
     5                                 
     6                                 [section .data]
     7 00000000 257320256400           inp db "%s %d",0
     8 00000006 436F6E73756D657220-    outp db "Consumer %s - %d dollars and %d cents",0xa,0
     9 00000006 2573202D2025642064-
    10 00000006 6F6C6C61727320616E-
    11 00000006 642025642063656E74-
    12 00000006 730A00             
    13 0000002D 456E746572206E616D-    prompt db "Enter name and kwh (write 'stop' to finish): ",0
    14 0000002D 6520616E64206B7768-
    15 0000002D 202877726974652027-
    16 0000002D 73746F702720746F20-
    17 0000002D 66696E697368293A20-
    18 0000002D 00                 
    19 0000005B 73746F7000             stop db "stop",0
    20                                 
    21                                 [section .text]
    22                                 [global _start]
    23                                 
    24                                 [extern printf]
    25                                 [extern scanf]
    26                                 
    27                                 read_data:
    28                                 
    29                                 
    30 00000000 55                      push rbp
    31 00000001 4889E5                  mov rbp, rsp
    32 00000004 4883EC08                sub rsp, 8
    33 00000008 488D3C25[00000000]      lea rdi, [prompt]
    34 00000010 31C0                    xor eax, eax
    35 00000012 E8(F6FFFFFF)            call printf
    36 00000017 488D3C25[00000000]      lea rdi, [inp]
    37 0000001F 488D3425[00000000]      lea rsi, [name]
    38 00000027 488D1425[00000000]      lea rdx, [kwh]
    39 0000002F 31C0                    xor eax, eax
    40 00000031 E8(F6FFFFFF)            call scanf
    41 00000036 C9                      leave
    42 00000037 C3                      ret
    43                                 
    44                                 compute_bill:
    45                                 
    46                                 
    47 00000038 55                      push rbp
    48 00000039 4889E5                  mov rbp, rsp
    49 0000003C 4883EC08                sub rsp, 8
    50 00000040 4C8B0425[00000000]      mov r8, [kwh]
    51 00000048 4C890424                mov [rsp], r8
    52                                 
    53 0000004C 4D31C9                  xor r9, r9
    54 0000004F 4981E8E8030000          sub r8, 1000
    55 00000056 4D0F4CC1                cmovl r8, r9
    56 0000005A 4981C0D0070000          add r8, 2000
    57 00000061 4C890424                mov [rsp], r8
    58                                 
    59 00000065 488B0424                mov rax, [rsp]
    60 00000069 4831D2                  xor rdx, rdx
    61 0000006C 49C7C064000000          mov r8, 100
    62 00000073 49F7F8                  idiv r8
    63 00000076 C9                      leave
    64 00000077 C3                      ret
    65                                 
    66                                 print_data:
    67                                 
    68                                 
    69                                 
    70 00000078 55                      push rbp
    71 00000079 4889E5                  mov rbp, rsp
    72 0000007C 4883EC10                sub rsp, 16
    73 00000080 48893C24                mov [rsp], rdi
    74 00000084 4889742408              mov [rsp + 8], rsi
    75 00000089 488D3C25[00000000]      lea rdi, [outp]
    76 00000091 488D3425[00000000]      lea rsi, [name]
    77 00000099 488B1424                mov rdx, [rsp]
    78 0000009D 488B4C2408              mov rcx, [rsp + 8]
    79 000000A2 31C0                    xor eax, eax
    80 000000A4 E8(F6FFFFFF)            call printf
    81 000000A9 C9                      leave
    82 000000AA C3                      ret
    83                                 
    84                                 _start:
    85                                 
    86 000000AB E84BFFFFFF             again: call read_data
    87                                 
    88                                 
    89 000000B0 488D3425[00000000]      lea rsi, [name]
    90 000000B8 488D3C25[00000000]      lea rdi, [stop]
    91 000000C0 48C7C105000000          mov rcx, 5
    92 000000C7 F3A6                    repe cmpsb
    93 000000C9 4883F900                cmp rcx, 0
    94 000000CD 7410                    jz end
    95                                 
    96                                 
    97 000000CF E85FFFFFFF              call compute_bill
    98                                 
    99 000000D4 4889C7                  mov rdi, rax
   100 000000D7 4889D6                  mov rsi, rdx
   101 000000DA E894FFFFFF              call print_data
   102                                 
   103 000000DF EBC8                    jmp again
   104                                 
   105 000000E1 B83C000000             end: mov eax, 60
   106 000000E6 31FF                    xor edi, edi
   107 000000E8 0F05                    syscall
