     1                                 %line 1+1 hello_world.asm
     2                                 [section .data]
     3 00000000 48656C6C6F20576F72-    msg: db "Hello World!",0x0a,0
     4 00000000 6C64210A00         
     5                                 
     6                                 [section .text]
     7                                 [global main]
     8                                 [extern printf]
     9                                 main
    10 00000000 55                      push rbp
    11 00000001 4889E5                  mov rbp, rsp
    12                                 
    13 00000004 488D3C25[00000000]      lea rdi, [msg]
    14 0000000C 31C0                    xor eax, eax
    15 0000000E E8(F6FFFFFF)            call printf
    16 00000013 31C0                    xor eax, eax
    17 00000015 C9                      leave
    18 00000016 C3                      ret
    19                                 
    20                                 
    21                                 
    22                                 
